<?xml version="1.0" encoding="UTF-8"?>
<!-- Generated by org.testng.reporters.JUnitReportReporter -->
<testsuite skipped="0" hostname="MohammaAminsAir.cable.rcn.com" name="com.RestAssured.Test_Delete" tests="1" failures="0" timestamp="2022-06-10T10:59:54 EDT" time="2.425" errors="0">
  <testcase name="test_01_delete" time="2.425" classname="com.RestAssured.Test_Delete"/>
</testsuite> <!-- com.RestAssured.Test_Delete -->
