<?xml version="1.0" encoding="UTF-8"?>
<!-- Generated by org.testng.reporters.JUnitReportReporter -->
<testsuite skipped="0" hostname="MohammaAminsAir.cable.rcn.com" name="com.RestAssured.Test_Put" tests="1" failures="0" timestamp="2022-06-27T02:04:21 EDT" time="2.603" errors="0">
  <testcase name="test_01_put" time="2.603" classname="com.RestAssured.Test_Put"/>
</testsuite> <!-- com.RestAssured.Test_Put -->
