<?xml version="1.0" encoding="UTF-8"?>
<!-- Generated by org.testng.reporters.JUnitReportReporter -->
<testsuite skipped="0" hostname="MohammaAminsAir.cable.rcn.com" name="com.RestAssured.RestAssured_Tests" tests="1" failures="0" timestamp="2022-06-09T20:01:12 EDT" time="4.180" errors="0">
  <testcase name="test_01_get" time="4.180" classname="com.RestAssured.RestAssured_Tests"/>
</testsuite> <!-- com.RestAssured.RestAssured_Tests -->
