<?xml version="1.0" encoding="UTF-8"?>
<!-- Generated by org.testng.reporters.JUnitReportReporter -->
<testsuite skipped="0" hostname="MohammaAminsAir.cable.rcn.com" name="com.RestAssured.Test_Post" tests="1" failures="0" timestamp="2022-06-10T10:22:51 EDT" time="3.857" errors="0">
  <testcase name="test_01_Post" time="3.857" classname="com.RestAssured.Test_Post"/>
</testsuite> <!-- com.RestAssured.Test_Post -->
