<?xml version="1.0" encoding="UTF-8"?>
<!-- Generated by org.testng.reporters.JUnitReportReporter -->
<testsuite skipped="0" hostname="MohammaAminsAir.cable.rcn.com" name="com.RestAssured.Test01_RA" tests="2" failures="0" timestamp="2022-06-08T18:21:42 EDT" time="5.909" errors="0">
  <testcase name="test02" time="3.175" classname="com.RestAssured.Test01_RA"/>
  <testcase name="test01" time="2.734" classname="com.RestAssured.Test01_RA"/>
</testsuite> <!-- com.RestAssured.Test01_RA -->
