<?xml version="1.0" encoding="UTF-8"?>
<!-- Generated by org.testng.reporters.JUnitReportReporter -->
<testsuite skipped="0" hostname="MohammaAminsAir.cable.rcn.com" name="com.DataDrivenTest_ParametarizeTest.Test02_DataDrivenTest" tests="2" failures="0" timestamp="2022-08-13T15:22:36 EDT" time="2.479" errors="0">
  <testcase name="test_Post_Own_Server" time="0.139" classname="com.DataDrivenTest_ParametarizeTest.Test02_DataDrivenTest"/>
  <testcase name="test_Post_Own_Server" time="2.340" classname="com.DataDrivenTest_ParametarizeTest.Test02_DataDrivenTest"/>
</testsuite> <!-- com.DataDrivenTest_ParametarizeTest.Test02_DataDrivenTest -->
