<?xml version="1.0" encoding="UTF-8"?>
<!-- Generated by org.testng.reporters.JUnitReportReporter -->
<testsuite skipped="0" hostname="MohammaAminsAir.cable.rcn.com" name="com.DataDrivenTest_ParametarizeTest.Test02_AlternateWayToDoDataDriven" tests="2" failures="0" timestamp="2022-08-13T14:40:54 EDT" time="3.077" errors="0">
  <testcase name="test_Post_Own_Server" time="0.058" classname="com.DataDrivenTest_ParametarizeTest.Test02_AlternateWayToDoDataDriven"/>
  <testcase name="test_Post_Own_Server" time="3.019" classname="com.DataDrivenTest_ParametarizeTest.Test02_AlternateWayToDoDataDriven"/>
</testsuite> <!-- com.DataDrivenTest_ParametarizeTest.Test02_AlternateWayToDoDataDriven -->
