<?xml version="1.0" encoding="UTF-8"?>
<!-- Generated by org.testng.reporters.JUnitReportReporter -->
<testsuite skipped="0" hostname="MohammaAminsAir.cable.rcn.com" name="Test01_JasonServer_RestAPI.Test01_JasonServer_RestAPI_Get" tests="1" failures="0" timestamp="2022-08-10T02:01:55 EDT" time="4.349" errors="0">
  <testcase name="test_Get_Own_Server" time="4.349" classname="Test01_JasonServer_RestAPI.Test01_JasonServer_RestAPI_Get"/>
</testsuite> <!-- Test01_JasonServer_RestAPI.Test01_JasonServer_RestAPI_Get -->
