<?xml version="1.0" encoding="UTF-8"?>
<!-- Generated by org.testng.reporters.JUnitReportReporter -->
<testsuite skipped="0" hostname="MohammaAminsAir.cable.rcn.com" name="Test01_JasonServer_RestAPI.Test01_JasonServer_RestAPI" tests="1" failures="0" timestamp="2022-08-13T13:50:36 EDT" time="2.759" errors="0">
  <testcase name="test_Get_Own_Server" time="2.759" classname="Test01_JasonServer_RestAPI.Test01_JasonServer_RestAPI"/>
</testsuite> <!-- Test01_JasonServer_RestAPI.Test01_JasonServer_RestAPI -->
