<?xml version="1.0" encoding="UTF-8"?>
<!-- Generated by org.testng.reporters.JUnitReportReporter -->
<testsuite skipped="0" hostname="MohammaAminsAir.cable.rcn.com" name="com.DataDrivenTest_ParametarizeTest.Test03_AlternateWayToDoDataDriven" tests="2" failures="0" timestamp="2022-08-13T15:14:38 EDT" time="2.945" errors="0">
  <testcase name="test_Post_Own_Server" time="0.150" classname="com.DataDrivenTest_ParametarizeTest.Test03_AlternateWayToDoDataDriven"/>
  <testcase name="test_Post_Own_Server" time="2.795" classname="com.DataDrivenTest_ParametarizeTest.Test03_AlternateWayToDoDataDriven"/>
</testsuite> <!-- com.DataDrivenTest_ParametarizeTest.Test03_AlternateWayToDoDataDriven -->
