<?xml version="1.0" encoding="UTF-8"?>
<!-- Generated by org.testng.reporters.JUnitReportReporter -->
<testsuite skipped="0" hostname="MohammaAminsAir.cable.rcn.com" name="com.DataDrivenTest_ParametarizeTest.Test03_Delete" tests="1" failures="0" timestamp="2022-08-13T15:15:13 EDT" time="2.237" errors="0">
  <testcase name="test_Delete_Own_Server" time="2.237" classname="com.DataDrivenTest_ParametarizeTest.Test03_Delete"/>
</testsuite> <!-- com.DataDrivenTest_ParametarizeTest.Test03_Delete -->
